INFO [2025-06-17 18:00:57] $x
INFO [2025-06-17 18:00:57] gene_sets
INFO [2025-06-17 18:00:57] 
INFO [2025-06-17 18:00:57] $category.names
INFO [2025-06-17 18:00:57] c("FindAllMarkers", "Pseudo-Bulk")
INFO [2025-06-17 18:00:57] 
INFO [2025-06-17 18:00:57] $filename
INFO [2025-06-17 18:00:57] [1] "venn_diagram.png"
INFO [2025-06-17 18:00:57] 
INFO [2025-06-17 18:00:57] $output
INFO [2025-06-17 18:00:57] [1] FALSE
INFO [2025-06-17 18:00:57] 
INFO [2025-06-17 18:00:57] $fill
INFO [2025-06-17 18:00:57] c("red", "blue")
INFO [2025-06-17 18:00:57] 
INFO [2025-06-17 18:00:57] $cat.dist
INFO [2025-06-17 18:00:57] c(0.03, 0.03)
INFO [2025-06-17 18:00:57] 
INFO [2025-06-17 18:00:57] $cat.cex
INFO [2025-06-17 18:00:57] [1] 1.2
INFO [2025-06-17 18:00:57] 
INFO [2025-06-17 18:00:57] $cat.pos
INFO [2025-06-17 18:00:57] c(-17, 17)
INFO [2025-06-17 18:00:57] 
INFO [2025-06-17 18:00:57] $cex
INFO [2025-06-17 18:00:57] [1] 1.5
INFO [2025-06-17 18:00:57] 
INFO [2025-06-17 18:00:57] $cat.col
INFO [2025-06-17 18:00:57] c("red", "blue")
INFO [2025-06-17 18:00:57] 
