INFO [2025-06-17 17:51:54] $x
INFO [2025-06-17 17:51:54] gene_sets
INFO [2025-06-17 17:51:54] 
INFO [2025-06-17 17:51:54] $category.names
INFO [2025-06-17 17:51:54] c("DESeq2", "Limma")
INFO [2025-06-17 17:51:54] 
INFO [2025-06-17 17:51:54] $filename
INFO [2025-06-17 17:51:54] NULL
INFO [2025-06-17 17:51:54] 
INFO [2025-06-17 17:51:54] $output
INFO [2025-06-17 17:51:54] [1] TRUE
INFO [2025-06-17 17:51:54] 
INFO [2025-06-17 17:51:54] $fill
INFO [2025-06-17 17:51:54] c("red", "blue")
INFO [2025-06-17 17:51:54] 
INFO [2025-06-17 17:51:54] $main
INFO [2025-06-17 17:51:54] [1] "Common pathways in KC btw methods DESeq2 vs Limma"
INFO [2025-06-17 17:51:54] 
INFO [2025-06-17 17:51:54] $main.fontface
INFO [2025-06-17 17:51:54] [1] "bold"
INFO [2025-06-17 17:51:54] 
INFO [2025-06-17 17:51:54] $cat.dist
INFO [2025-06-17 17:51:54] c(0.03, 0.03)
INFO [2025-06-17 17:51:54] 
INFO [2025-06-17 17:51:54] $main.cex
INFO [2025-06-17 17:51:54] [1] 1.3
INFO [2025-06-17 17:51:54] 
INFO [2025-06-17 17:51:54] $cat.cex
INFO [2025-06-17 17:51:54] [1] 1.3
INFO [2025-06-17 17:51:54] 
INFO [2025-06-17 17:51:54] $cat.pos
INFO [2025-06-17 17:51:54] c(-17, 17)
INFO [2025-06-17 17:51:54] 
INFO [2025-06-17 17:51:54] $cex
INFO [2025-06-17 17:51:54] [1] 1.3
INFO [2025-06-17 17:51:54] 
INFO [2025-06-17 17:51:54] $cat.col
INFO [2025-06-17 17:51:54] c("red", "blue")
INFO [2025-06-17 17:51:54] 
