INFO [2025-06-17 18:24:27] $x
INFO [2025-06-17 18:24:27] gene_sets
INFO [2025-06-17 18:24:27] 
INFO [2025-06-17 18:24:27] $category.names
INFO [2025-06-17 18:24:27] c("DESeq2", "Limma")
INFO [2025-06-17 18:24:27] 
INFO [2025-06-17 18:24:27] $filename
INFO [2025-06-17 18:24:27] NULL
INFO [2025-06-17 18:24:27] 
INFO [2025-06-17 18:24:27] $output
INFO [2025-06-17 18:24:27] [1] TRUE
INFO [2025-06-17 18:24:27] 
INFO [2025-06-17 18:24:27] $fill
INFO [2025-06-17 18:24:27] c("red", "blue")
INFO [2025-06-17 18:24:27] 
INFO [2025-06-17 18:24:27] $main
INFO [2025-06-17 18:24:27] [1] "Common pathways in Tcell - AR DESeq2 vs Limma"
INFO [2025-06-17 18:24:27] 
INFO [2025-06-17 18:24:27] $main.fontface
INFO [2025-06-17 18:24:27] [1] "bold"
INFO [2025-06-17 18:24:27] 
INFO [2025-06-17 18:24:27] $cat.dist
INFO [2025-06-17 18:24:27] c(0.03, 0.03)
INFO [2025-06-17 18:24:27] 
INFO [2025-06-17 18:24:27] $main.cex
INFO [2025-06-17 18:24:27] [1] 1.3
INFO [2025-06-17 18:24:27] 
INFO [2025-06-17 18:24:27] $cat.cex
INFO [2025-06-17 18:24:27] [1] 1.3
INFO [2025-06-17 18:24:27] 
INFO [2025-06-17 18:24:27] $cat.pos
INFO [2025-06-17 18:24:27] c(-17, 17)
INFO [2025-06-17 18:24:27] 
INFO [2025-06-17 18:24:27] $cex
INFO [2025-06-17 18:24:27] [1] 1.3
INFO [2025-06-17 18:24:27] 
INFO [2025-06-17 18:24:27] $cat.col
INFO [2025-06-17 18:24:27] c("red", "blue")
INFO [2025-06-17 18:24:27] 
