INFO [2025-06-17 17:29:02] $x
INFO [2025-06-17 17:29:02] gene_sets
INFO [2025-06-17 17:29:02] 
INFO [2025-06-17 17:29:02] $category.names
INFO [2025-06-17 17:29:02] c("Alkon", "Reynolds")
INFO [2025-06-17 17:29:02] 
INFO [2025-06-17 17:29:02] $filename
INFO [2025-06-17 17:29:02] NULL
INFO [2025-06-17 17:29:02] 
INFO [2025-06-17 17:29:02] $output
INFO [2025-06-17 17:29:02] [1] TRUE
INFO [2025-06-17 17:29:02] 
INFO [2025-06-17 17:29:02] $fill
INFO [2025-06-17 17:29:02] c("red", "blue")
INFO [2025-06-17 17:29:02] 
INFO [2025-06-17 17:29:02] $main
INFO [2025-06-17 17:29:02] [1] "Common pathways - Alkon vs Reynolds - KC (Limma)"
INFO [2025-06-17 17:29:02] 
INFO [2025-06-17 17:29:02] $main.fontface
INFO [2025-06-17 17:29:02] [1] "bold"
INFO [2025-06-17 17:29:02] 
INFO [2025-06-17 17:29:02] $cat.dist
INFO [2025-06-17 17:29:02] c(0.03, 0.03)
INFO [2025-06-17 17:29:02] 
INFO [2025-06-17 17:29:02] $main.cex
INFO [2025-06-17 17:29:02] [1] 1.3
INFO [2025-06-17 17:29:02] 
INFO [2025-06-17 17:29:02] $cat.cex
INFO [2025-06-17 17:29:02] [1] 1.3
INFO [2025-06-17 17:29:02] 
INFO [2025-06-17 17:29:02] $cat.pos
INFO [2025-06-17 17:29:02] c(-17, 17)
INFO [2025-06-17 17:29:02] 
INFO [2025-06-17 17:29:02] $cex
INFO [2025-06-17 17:29:02] [1] 1.3
INFO [2025-06-17 17:29:02] 
INFO [2025-06-17 17:29:02] $cat.col
INFO [2025-06-17 17:29:02] c("red", "blue")
INFO [2025-06-17 17:29:02] 
