INFO [2025-06-17 18:20:42] $x
INFO [2025-06-17 18:20:42] gene_sets
INFO [2025-06-17 18:20:42] 
INFO [2025-06-17 18:20:42] $category.names
INFO [2025-06-17 18:20:42] c("DESeq2", "Limma")
INFO [2025-06-17 18:20:42] 
INFO [2025-06-17 18:20:42] $filename
INFO [2025-06-17 18:20:42] NULL
INFO [2025-06-17 18:20:42] 
INFO [2025-06-17 18:20:42] $output
INFO [2025-06-17 18:20:42] [1] TRUE
INFO [2025-06-17 18:20:42] 
INFO [2025-06-17 18:20:42] $fill
INFO [2025-06-17 18:20:42] c("red", "blue")
INFO [2025-06-17 18:20:42] 
INFO [2025-06-17 18:20:42] $main
INFO [2025-06-17 18:20:42] [1] "Common DEGs in KC - AR DESeq2 vs Limma"
INFO [2025-06-17 18:20:42] 
INFO [2025-06-17 18:20:42] $main.fontface
INFO [2025-06-17 18:20:42] [1] "bold"
INFO [2025-06-17 18:20:42] 
INFO [2025-06-17 18:20:42] $cat.dist
INFO [2025-06-17 18:20:42] c(0.03, 0.03)
INFO [2025-06-17 18:20:42] 
INFO [2025-06-17 18:20:42] $main.cex
INFO [2025-06-17 18:20:42] [1] 1.3
INFO [2025-06-17 18:20:42] 
INFO [2025-06-17 18:20:42] $cat.cex
INFO [2025-06-17 18:20:42] [1] 1.3
INFO [2025-06-17 18:20:42] 
INFO [2025-06-17 18:20:42] $cat.pos
INFO [2025-06-17 18:20:42] c(-17, 17)
INFO [2025-06-17 18:20:42] 
INFO [2025-06-17 18:20:42] $cex
INFO [2025-06-17 18:20:42] [1] 1.3
INFO [2025-06-17 18:20:42] 
INFO [2025-06-17 18:20:42] $cat.col
INFO [2025-06-17 18:20:42] c("red", "blue")
INFO [2025-06-17 18:20:42] 
