INFO [2025-06-17 18:24:04] $x
INFO [2025-06-17 18:24:04] gene_sets
INFO [2025-06-17 18:24:04] 
INFO [2025-06-17 18:24:04] $category.names
INFO [2025-06-17 18:24:04] c("DESeq2", "Limma")
INFO [2025-06-17 18:24:04] 
INFO [2025-06-17 18:24:04] $filename
INFO [2025-06-17 18:24:04] NULL
INFO [2025-06-17 18:24:04] 
INFO [2025-06-17 18:24:04] $output
INFO [2025-06-17 18:24:04] [1] TRUE
INFO [2025-06-17 18:24:04] 
INFO [2025-06-17 18:24:04] $fill
INFO [2025-06-17 18:24:04] c("red", "blue")
INFO [2025-06-17 18:24:04] 
INFO [2025-06-17 18:24:04] $main
INFO [2025-06-17 18:24:04] [1] "Common pathways in KC - AR DESeq2 vs Limma"
INFO [2025-06-17 18:24:04] 
INFO [2025-06-17 18:24:04] $main.fontface
INFO [2025-06-17 18:24:04] [1] "bold"
INFO [2025-06-17 18:24:04] 
INFO [2025-06-17 18:24:04] $cat.dist
INFO [2025-06-17 18:24:04] c(0.03, 0.03)
INFO [2025-06-17 18:24:04] 
INFO [2025-06-17 18:24:04] $main.cex
INFO [2025-06-17 18:24:04] [1] 1.3
INFO [2025-06-17 18:24:04] 
INFO [2025-06-17 18:24:04] $cat.cex
INFO [2025-06-17 18:24:04] [1] 1.3
INFO [2025-06-17 18:24:04] 
INFO [2025-06-17 18:24:04] $cat.pos
INFO [2025-06-17 18:24:04] c(-17, 17)
INFO [2025-06-17 18:24:04] 
INFO [2025-06-17 18:24:04] $cex
INFO [2025-06-17 18:24:04] [1] 1.3
INFO [2025-06-17 18:24:04] 
INFO [2025-06-17 18:24:04] $cat.col
INFO [2025-06-17 18:24:04] c("red", "blue")
INFO [2025-06-17 18:24:04] 
