INFO [2025-06-17 17:31:53] $x
INFO [2025-06-17 17:31:53] gene_sets
INFO [2025-06-17 17:31:53] 
INFO [2025-06-17 17:31:53] $category.names
INFO [2025-06-17 17:31:53] c("Alkon", "Reynolds")
INFO [2025-06-17 17:31:53] 
INFO [2025-06-17 17:31:53] $filename
INFO [2025-06-17 17:31:53] NULL
INFO [2025-06-17 17:31:53] 
INFO [2025-06-17 17:31:53] $output
INFO [2025-06-17 17:31:53] [1] TRUE
INFO [2025-06-17 17:31:53] 
INFO [2025-06-17 17:31:53] $fill
INFO [2025-06-17 17:31:53] c("red", "blue")
INFO [2025-06-17 17:31:53] 
INFO [2025-06-17 17:31:53] $main
INFO [2025-06-17 17:31:53] [1] "Common pathways btw datasets - KC (Limma)"
INFO [2025-06-17 17:31:53] 
INFO [2025-06-17 17:31:53] $main.fontface
INFO [2025-06-17 17:31:53] [1] "bold"
INFO [2025-06-17 17:31:53] 
INFO [2025-06-17 17:31:53] $cat.dist
INFO [2025-06-17 17:31:53] c(0.03, 0.03)
INFO [2025-06-17 17:31:53] 
INFO [2025-06-17 17:31:53] $main.cex
INFO [2025-06-17 17:31:53] [1] 1.3
INFO [2025-06-17 17:31:53] 
INFO [2025-06-17 17:31:53] $cat.cex
INFO [2025-06-17 17:31:53] [1] 1.3
INFO [2025-06-17 17:31:53] 
INFO [2025-06-17 17:31:53] $cat.pos
INFO [2025-06-17 17:31:53] c(-17, 17)
INFO [2025-06-17 17:31:53] 
INFO [2025-06-17 17:31:53] $cex
INFO [2025-06-17 17:31:53] [1] 1.3
INFO [2025-06-17 17:31:53] 
INFO [2025-06-17 17:31:53] $cat.col
INFO [2025-06-17 17:31:53] c("red", "blue")
INFO [2025-06-17 17:31:53] 
