INFO [2025-06-17 17:59:15] $x
INFO [2025-06-17 17:59:15] gene_sets
INFO [2025-06-17 17:59:15] 
INFO [2025-06-17 17:59:15] $category.names
INFO [2025-06-17 17:59:15] c("DESeq2", "Limma")
INFO [2025-06-17 17:59:15] 
INFO [2025-06-17 17:59:15] $filename
INFO [2025-06-17 17:59:15] NULL
INFO [2025-06-17 17:59:15] 
INFO [2025-06-17 17:59:15] $output
INFO [2025-06-17 17:59:15] [1] TRUE
INFO [2025-06-17 17:59:15] 
INFO [2025-06-17 17:59:15] $fill
INFO [2025-06-17 17:59:15] c("red", "blue")
INFO [2025-06-17 17:59:15] 
INFO [2025-06-17 17:59:15] $main
INFO [2025-06-17 17:59:15] [1] "Common DEGs in KC - AR DESeq2 vs Limma"
INFO [2025-06-17 17:59:15] 
INFO [2025-06-17 17:59:15] $main.fontface
INFO [2025-06-17 17:59:15] [1] "bold"
INFO [2025-06-17 17:59:15] 
INFO [2025-06-17 17:59:15] $cat.dist
INFO [2025-06-17 17:59:15] c(0.03, 0.03)
INFO [2025-06-17 17:59:15] 
INFO [2025-06-17 17:59:15] $main.cex
INFO [2025-06-17 17:59:15] [1] 1.3
INFO [2025-06-17 17:59:15] 
INFO [2025-06-17 17:59:15] $cat.cex
INFO [2025-06-17 17:59:15] [1] 1.3
INFO [2025-06-17 17:59:15] 
INFO [2025-06-17 17:59:15] $cat.pos
INFO [2025-06-17 17:59:15] c(-17, 17)
INFO [2025-06-17 17:59:15] 
INFO [2025-06-17 17:59:15] $cex
INFO [2025-06-17 17:59:15] [1] 1.3
INFO [2025-06-17 17:59:15] 
INFO [2025-06-17 17:59:15] $cat.col
INFO [2025-06-17 17:59:15] c("red", "blue")
INFO [2025-06-17 17:59:15] 
