INFO [2025-06-17 18:24:16] $x
INFO [2025-06-17 18:24:16] gene_sets
INFO [2025-06-17 18:24:16] 
INFO [2025-06-17 18:24:16] $category.names
INFO [2025-06-17 18:24:16] c("DESeq2", "Limma")
INFO [2025-06-17 18:24:16] 
INFO [2025-06-17 18:24:16] $filename
INFO [2025-06-17 18:24:16] NULL
INFO [2025-06-17 18:24:16] 
INFO [2025-06-17 18:24:16] $output
INFO [2025-06-17 18:24:16] [1] TRUE
INFO [2025-06-17 18:24:16] 
INFO [2025-06-17 18:24:16] $fill
INFO [2025-06-17 18:24:16] c("red", "blue")
INFO [2025-06-17 18:24:16] 
INFO [2025-06-17 18:24:16] $main
INFO [2025-06-17 18:24:16] [1] "Common pathways in Th - AR DESeq2 vs Limma"
INFO [2025-06-17 18:24:16] 
INFO [2025-06-17 18:24:16] $main.fontface
INFO [2025-06-17 18:24:16] [1] "bold"
INFO [2025-06-17 18:24:16] 
INFO [2025-06-17 18:24:16] $cat.dist
INFO [2025-06-17 18:24:16] c(0.03, 0.03)
INFO [2025-06-17 18:24:16] 
INFO [2025-06-17 18:24:16] $main.cex
INFO [2025-06-17 18:24:16] [1] 1.3
INFO [2025-06-17 18:24:16] 
INFO [2025-06-17 18:24:16] $cat.cex
INFO [2025-06-17 18:24:16] [1] 1.3
INFO [2025-06-17 18:24:16] 
INFO [2025-06-17 18:24:16] $cat.pos
INFO [2025-06-17 18:24:16] c(-17, 17)
INFO [2025-06-17 18:24:16] 
INFO [2025-06-17 18:24:16] $cex
INFO [2025-06-17 18:24:16] [1] 1.3
INFO [2025-06-17 18:24:16] 
INFO [2025-06-17 18:24:16] $cat.col
INFO [2025-06-17 18:24:16] c("red", "blue")
INFO [2025-06-17 18:24:16] 
