INFO [2025-06-17 18:14:11] $x
INFO [2025-06-17 18:14:11] gene_sets
INFO [2025-06-17 18:14:11] 
INFO [2025-06-17 18:14:11] $category.names
INFO [2025-06-17 18:14:11] c("DESeq2", "Limma")
INFO [2025-06-17 18:14:11] 
INFO [2025-06-17 18:14:11] $filename
INFO [2025-06-17 18:14:11] NULL
INFO [2025-06-17 18:14:11] 
INFO [2025-06-17 18:14:11] $output
INFO [2025-06-17 18:14:11] [1] TRUE
INFO [2025-06-17 18:14:11] 
INFO [2025-06-17 18:14:11] $fill
INFO [2025-06-17 18:14:11] c("red", "blue")
INFO [2025-06-17 18:14:11] 
INFO [2025-06-17 18:14:11] $main
INFO [2025-06-17 18:14:11] [1] "Common pathways in KC - AR DESeq2 vs Limma"
INFO [2025-06-17 18:14:11] 
INFO [2025-06-17 18:14:11] $main.fontface
INFO [2025-06-17 18:14:11] [1] "bold"
INFO [2025-06-17 18:14:11] 
INFO [2025-06-17 18:14:11] $cat.dist
INFO [2025-06-17 18:14:11] c(0.03, 0.03)
INFO [2025-06-17 18:14:11] 
INFO [2025-06-17 18:14:11] $main.cex
INFO [2025-06-17 18:14:11] [1] 1.3
INFO [2025-06-17 18:14:11] 
INFO [2025-06-17 18:14:11] $cat.cex
INFO [2025-06-17 18:14:11] [1] 1.3
INFO [2025-06-17 18:14:11] 
INFO [2025-06-17 18:14:11] $cat.pos
INFO [2025-06-17 18:14:11] c(-17, 17)
INFO [2025-06-17 18:14:11] 
INFO [2025-06-17 18:14:11] $cex
INFO [2025-06-17 18:14:11] [1] 1.3
INFO [2025-06-17 18:14:11] 
INFO [2025-06-17 18:14:11] $cat.col
INFO [2025-06-17 18:14:11] c("red", "blue")
INFO [2025-06-17 18:14:11] 
