INFO [2025-06-17 17:52:22] $x
INFO [2025-06-17 17:52:22] gene_sets
INFO [2025-06-17 17:52:22] 
INFO [2025-06-17 17:52:22] $category.names
INFO [2025-06-17 17:52:22] c("DESeq2", "Limma")
INFO [2025-06-17 17:52:22] 
INFO [2025-06-17 17:52:22] $filename
INFO [2025-06-17 17:52:22] NULL
INFO [2025-06-17 17:52:22] 
INFO [2025-06-17 17:52:22] $output
INFO [2025-06-17 17:52:22] [1] TRUE
INFO [2025-06-17 17:52:22] 
INFO [2025-06-17 17:52:22] $fill
INFO [2025-06-17 17:52:22] c("red", "blue")
INFO [2025-06-17 17:52:22] 
INFO [2025-06-17 17:52:22] $main
INFO [2025-06-17 17:52:22] [1] "Common pathways in KC btw methods DESeq2 vs Limma"
INFO [2025-06-17 17:52:22] 
INFO [2025-06-17 17:52:22] $main.fontface
INFO [2025-06-17 17:52:22] [1] "bold"
INFO [2025-06-17 17:52:22] 
INFO [2025-06-17 17:52:22] $cat.dist
INFO [2025-06-17 17:52:22] c(0.03, 0.03)
INFO [2025-06-17 17:52:22] 
INFO [2025-06-17 17:52:22] $main.cex
INFO [2025-06-17 17:52:22] [1] 1.3
INFO [2025-06-17 17:52:22] 
INFO [2025-06-17 17:52:22] $cat.cex
INFO [2025-06-17 17:52:22] [1] 1.3
INFO [2025-06-17 17:52:22] 
INFO [2025-06-17 17:52:22] $cat.pos
INFO [2025-06-17 17:52:22] c(-17, 17)
INFO [2025-06-17 17:52:22] 
INFO [2025-06-17 17:52:22] $cex
INFO [2025-06-17 17:52:22] [1] 1.3
INFO [2025-06-17 17:52:22] 
INFO [2025-06-17 17:52:22] $cat.col
INFO [2025-06-17 17:52:22] c("red", "blue")
INFO [2025-06-17 17:52:22] 
