INFO [2025-06-17 17:58:04] $x
INFO [2025-06-17 17:58:04] gene_sets
INFO [2025-06-17 17:58:04] 
INFO [2025-06-17 17:58:04] $category.names
INFO [2025-06-17 17:58:04] c("FindAllMarkers", "Pseudo-Bulk")
INFO [2025-06-17 17:58:04] 
INFO [2025-06-17 17:58:04] $filename
INFO [2025-06-17 17:58:04] NULL
INFO [2025-06-17 17:58:04] 
INFO [2025-06-17 17:58:04] $output
INFO [2025-06-17 17:58:04] [1] TRUE
INFO [2025-06-17 17:58:04] 
INFO [2025-06-17 17:58:04] $fill
INFO [2025-06-17 17:58:04] c("red", "blue")
INFO [2025-06-17 17:58:04] 
INFO [2025-06-17 17:58:04] $main
INFO [2025-06-17 17:58:04] [1] "Common DEGs - Reynolds - Keratinocytes"
INFO [2025-06-17 17:58:04] 
INFO [2025-06-17 17:58:04] $main.fontface
INFO [2025-06-17 17:58:04] [1] "bold"
INFO [2025-06-17 17:58:04] 
INFO [2025-06-17 17:58:04] $cat.dist
INFO [2025-06-17 17:58:04] c(0.03, 0.03)
INFO [2025-06-17 17:58:04] 
INFO [2025-06-17 17:58:04] $main.cex
INFO [2025-06-17 17:58:04] [1] 1.3
INFO [2025-06-17 17:58:04] 
INFO [2025-06-17 17:58:04] $cat.cex
INFO [2025-06-17 17:58:04] [1] 1.3
INFO [2025-06-17 17:58:04] 
INFO [2025-06-17 17:58:04] $cat.pos
INFO [2025-06-17 17:58:04] c(-17, 17)
INFO [2025-06-17 17:58:04] 
INFO [2025-06-17 17:58:04] $cex
INFO [2025-06-17 17:58:04] [1] 1.3
INFO [2025-06-17 17:58:04] 
INFO [2025-06-17 17:58:04] $cat.col
INFO [2025-06-17 17:58:04] c("red", "blue")
INFO [2025-06-17 17:58:04] 
