INFO [2025-06-17 18:02:44] $x
INFO [2025-06-17 18:02:44] gene_sets
INFO [2025-06-17 18:02:44] 
INFO [2025-06-17 18:02:44] $category.names
INFO [2025-06-17 18:02:44] c("FindAllMarkers", "Pseudo-Bulk")
INFO [2025-06-17 18:02:44] 
INFO [2025-06-17 18:02:44] $filename
INFO [2025-06-17 18:02:44] NULL
INFO [2025-06-17 18:02:44] 
INFO [2025-06-17 18:02:44] $output
INFO [2025-06-17 18:02:44] [1] TRUE
INFO [2025-06-17 18:02:44] 
INFO [2025-06-17 18:02:44] $fill
INFO [2025-06-17 18:02:44] c("red", "blue")
INFO [2025-06-17 18:02:44] 
INFO [2025-06-17 18:02:44] $main
INFO [2025-06-17 18:02:44] [1] "Common DEGs - Alkon - Tcells"
INFO [2025-06-17 18:02:44] 
INFO [2025-06-17 18:02:44] $cat.dist
INFO [2025-06-17 18:02:44] c(0.03, 0.03)
INFO [2025-06-17 18:02:44] 
INFO [2025-06-17 18:02:44] $main.cex
INFO [2025-06-17 18:02:44] [1] 1.3
INFO [2025-06-17 18:02:44] 
INFO [2025-06-17 18:02:44] $main.fontface
INFO [2025-06-17 18:02:44] [1] "bold"
INFO [2025-06-17 18:02:44] 
INFO [2025-06-17 18:02:44] $cat.cex
INFO [2025-06-17 18:02:44] [1] 1.3
INFO [2025-06-17 18:02:44] 
INFO [2025-06-17 18:02:44] $cat.pos
INFO [2025-06-17 18:02:44] c(-17, 17)
INFO [2025-06-17 18:02:44] 
INFO [2025-06-17 18:02:44] $cex
INFO [2025-06-17 18:02:44] [1] 1.3
INFO [2025-06-17 18:02:44] 
INFO [2025-06-17 18:02:44] $cat.col
INFO [2025-06-17 18:02:44] c("red", "blue")
INFO [2025-06-17 18:02:44] 
