INFO [2025-06-17 18:14:12] $x
INFO [2025-06-17 18:14:12] gene_sets
INFO [2025-06-17 18:14:12] 
INFO [2025-06-17 18:14:12] $category.names
INFO [2025-06-17 18:14:12] c("DESeq2", "Limma")
INFO [2025-06-17 18:14:12] 
INFO [2025-06-17 18:14:12] $filename
INFO [2025-06-17 18:14:12] NULL
INFO [2025-06-17 18:14:12] 
INFO [2025-06-17 18:14:12] $output
INFO [2025-06-17 18:14:12] [1] TRUE
INFO [2025-06-17 18:14:12] 
INFO [2025-06-17 18:14:12] $fill
INFO [2025-06-17 18:14:12] c("red", "blue")
INFO [2025-06-17 18:14:12] 
INFO [2025-06-17 18:14:12] $main
INFO [2025-06-17 18:14:12] [1] "Common DEGs in KC - AR DESeq2 vs Limma"
INFO [2025-06-17 18:14:12] 
INFO [2025-06-17 18:14:12] $main.fontface
INFO [2025-06-17 18:14:12] [1] "bold"
INFO [2025-06-17 18:14:12] 
INFO [2025-06-17 18:14:12] $cat.dist
INFO [2025-06-17 18:14:12] c(0.03, 0.03)
INFO [2025-06-17 18:14:12] 
INFO [2025-06-17 18:14:12] $main.cex
INFO [2025-06-17 18:14:12] [1] 1.3
INFO [2025-06-17 18:14:12] 
INFO [2025-06-17 18:14:12] $cat.cex
INFO [2025-06-17 18:14:12] [1] 1.3
INFO [2025-06-17 18:14:12] 
INFO [2025-06-17 18:14:12] $cat.pos
INFO [2025-06-17 18:14:12] c(-17, 17)
INFO [2025-06-17 18:14:12] 
INFO [2025-06-17 18:14:12] $cex
INFO [2025-06-17 18:14:12] [1] 1.3
INFO [2025-06-17 18:14:12] 
INFO [2025-06-17 18:14:12] $cat.col
INFO [2025-06-17 18:14:12] c("red", "blue")
INFO [2025-06-17 18:14:12] 
