INFO [2025-06-17 17:29:32] $x
INFO [2025-06-17 17:29:32] gene_sets
INFO [2025-06-17 17:29:32] 
INFO [2025-06-17 17:29:32] $category.names
INFO [2025-06-17 17:29:32] c("Alkon", "Reynolds")
INFO [2025-06-17 17:29:32] 
INFO [2025-06-17 17:29:32] $filename
INFO [2025-06-17 17:29:32] NULL
INFO [2025-06-17 17:29:32] 
INFO [2025-06-17 17:29:32] $output
INFO [2025-06-17 17:29:32] [1] TRUE
INFO [2025-06-17 17:29:32] 
INFO [2025-06-17 17:29:32] $fill
INFO [2025-06-17 17:29:32] c("red", "blue")
INFO [2025-06-17 17:29:32] 
INFO [2025-06-17 17:29:32] $main
INFO [2025-06-17 17:29:32] [1] "Common pathways - Alkon vs Reynolds - KC (DESeq2)"
INFO [2025-06-17 17:29:32] 
INFO [2025-06-17 17:29:32] $main.fontface
INFO [2025-06-17 17:29:32] [1] "bold"
INFO [2025-06-17 17:29:32] 
INFO [2025-06-17 17:29:32] $cat.dist
INFO [2025-06-17 17:29:32] c(0.03, 0.03)
INFO [2025-06-17 17:29:32] 
INFO [2025-06-17 17:29:32] $main.cex
INFO [2025-06-17 17:29:32] [1] 1.3
INFO [2025-06-17 17:29:32] 
INFO [2025-06-17 17:29:32] $cat.cex
INFO [2025-06-17 17:29:32] [1] 1.3
INFO [2025-06-17 17:29:32] 
INFO [2025-06-17 17:29:32] $cat.pos
INFO [2025-06-17 17:29:32] c(-17, 17)
INFO [2025-06-17 17:29:32] 
INFO [2025-06-17 17:29:32] $cex
INFO [2025-06-17 17:29:32] [1] 1.3
INFO [2025-06-17 17:29:32] 
INFO [2025-06-17 17:29:32] $cat.col
INFO [2025-06-17 17:29:32] c("red", "blue")
INFO [2025-06-17 17:29:32] 
