INFO [2025-06-17 18:26:30] $x
INFO [2025-06-17 18:26:30] gene_sets
INFO [2025-06-17 18:26:30] 
INFO [2025-06-17 18:26:30] $category.names
INFO [2025-06-17 18:26:30] c("DESeq2", "Limma")
INFO [2025-06-17 18:26:30] 
INFO [2025-06-17 18:26:30] $filename
INFO [2025-06-17 18:26:30] NULL
INFO [2025-06-17 18:26:30] 
INFO [2025-06-17 18:26:30] $output
INFO [2025-06-17 18:26:30] [1] TRUE
INFO [2025-06-17 18:26:30] 
INFO [2025-06-17 18:26:30] $fill
INFO [2025-06-17 18:26:30] c("red", "blue")
INFO [2025-06-17 18:26:30] 
INFO [2025-06-17 18:26:30] $main
INFO [2025-06-17 18:26:30] [1] "Common DEGs in Th - AR DESeq2 vs Limma"
INFO [2025-06-17 18:26:30] 
INFO [2025-06-17 18:26:30] $main.fontface
INFO [2025-06-17 18:26:30] [1] "bold"
INFO [2025-06-17 18:26:30] 
INFO [2025-06-17 18:26:30] $cat.dist
INFO [2025-06-17 18:26:30] c(0.03, 0.03)
INFO [2025-06-17 18:26:30] 
INFO [2025-06-17 18:26:30] $main.cex
INFO [2025-06-17 18:26:30] [1] 1.3
INFO [2025-06-17 18:26:30] 
INFO [2025-06-17 18:26:30] $cat.cex
INFO [2025-06-17 18:26:30] [1] 1.3
INFO [2025-06-17 18:26:30] 
INFO [2025-06-17 18:26:30] $cat.pos
INFO [2025-06-17 18:26:30] c(-17, 17)
INFO [2025-06-17 18:26:30] 
INFO [2025-06-17 18:26:30] $cex
INFO [2025-06-17 18:26:30] [1] 1.3
INFO [2025-06-17 18:26:30] 
INFO [2025-06-17 18:26:30] $cat.col
INFO [2025-06-17 18:26:30] c("red", "blue")
INFO [2025-06-17 18:26:30] 
