INFO [2025-06-17 18:24:35] $x
INFO [2025-06-17 18:24:35] gene_sets
INFO [2025-06-17 18:24:35] 
INFO [2025-06-17 18:24:35] $category.names
INFO [2025-06-17 18:24:35] c("DESeq2", "Limma")
INFO [2025-06-17 18:24:35] 
INFO [2025-06-17 18:24:35] $filename
INFO [2025-06-17 18:24:35] NULL
INFO [2025-06-17 18:24:35] 
INFO [2025-06-17 18:24:35] $output
INFO [2025-06-17 18:24:35] [1] TRUE
INFO [2025-06-17 18:24:35] 
INFO [2025-06-17 18:24:35] $fill
INFO [2025-06-17 18:24:35] c("red", "blue")
INFO [2025-06-17 18:24:35] 
INFO [2025-06-17 18:24:35] $main
INFO [2025-06-17 18:24:35] [1] "Common pathways in Tcell - AR DESeq2 vs Limma"
INFO [2025-06-17 18:24:35] 
INFO [2025-06-17 18:24:35] $main.fontface
INFO [2025-06-17 18:24:35] [1] "bold"
INFO [2025-06-17 18:24:35] 
INFO [2025-06-17 18:24:35] $cat.dist
INFO [2025-06-17 18:24:35] c(0.03, 0.03)
INFO [2025-06-17 18:24:35] 
INFO [2025-06-17 18:24:35] $main.cex
INFO [2025-06-17 18:24:35] [1] 1.3
INFO [2025-06-17 18:24:35] 
INFO [2025-06-17 18:24:35] $cat.cex
INFO [2025-06-17 18:24:35] [1] 1.3
INFO [2025-06-17 18:24:35] 
INFO [2025-06-17 18:24:35] $cat.pos
INFO [2025-06-17 18:24:35] c(-17, 17)
INFO [2025-06-17 18:24:35] 
INFO [2025-06-17 18:24:35] $cex
INFO [2025-06-17 18:24:35] [1] 1.3
INFO [2025-06-17 18:24:35] 
INFO [2025-06-17 18:24:35] $cat.col
INFO [2025-06-17 18:24:35] c("red", "blue")
INFO [2025-06-17 18:24:35] 
