INFO [2025-06-17 17:29:51] $x
INFO [2025-06-17 17:29:51] gene_sets
INFO [2025-06-17 17:29:51] 
INFO [2025-06-17 17:29:51] $category.names
INFO [2025-06-17 17:29:51] c("Alkon", "Reynolds")
INFO [2025-06-17 17:29:51] 
INFO [2025-06-17 17:29:51] $filename
INFO [2025-06-17 17:29:51] NULL
INFO [2025-06-17 17:29:51] 
INFO [2025-06-17 17:29:51] $output
INFO [2025-06-17 17:29:51] [1] TRUE
INFO [2025-06-17 17:29:51] 
INFO [2025-06-17 17:29:51] $fill
INFO [2025-06-17 17:29:51] c("red", "blue")
INFO [2025-06-17 17:29:51] 
INFO [2025-06-17 17:29:51] $main
INFO [2025-06-17 17:29:51] [1] "Common pathways - Alkon vs Reynolds - KC (Limma)"
INFO [2025-06-17 17:29:51] 
INFO [2025-06-17 17:29:51] $main.fontface
INFO [2025-06-17 17:29:51] [1] "bold"
INFO [2025-06-17 17:29:51] 
INFO [2025-06-17 17:29:51] $cat.dist
INFO [2025-06-17 17:29:51] c(0.03, 0.03)
INFO [2025-06-17 17:29:51] 
INFO [2025-06-17 17:29:51] $main.cex
INFO [2025-06-17 17:29:51] [1] 1.3
INFO [2025-06-17 17:29:51] 
INFO [2025-06-17 17:29:51] $cat.cex
INFO [2025-06-17 17:29:51] [1] 1.3
INFO [2025-06-17 17:29:51] 
INFO [2025-06-17 17:29:51] $cat.pos
INFO [2025-06-17 17:29:51] c(-17, 17)
INFO [2025-06-17 17:29:51] 
INFO [2025-06-17 17:29:51] $cex
INFO [2025-06-17 17:29:51] [1] 1.3
INFO [2025-06-17 17:29:51] 
INFO [2025-06-17 17:29:51] $cat.col
INFO [2025-06-17 17:29:51] c("red", "blue")
INFO [2025-06-17 17:29:51] 
