INFO [2025-06-17 18:06:28] $x
INFO [2025-06-17 18:06:28] gene_sets
INFO [2025-06-17 18:06:28] 
INFO [2025-06-17 18:06:28] $category.names
INFO [2025-06-17 18:06:28] c("FindAllMarkers", "Pseudo-Bulk")
INFO [2025-06-17 18:06:28] 
INFO [2025-06-17 18:06:28] $filename
INFO [2025-06-17 18:06:28] NULL
INFO [2025-06-17 18:06:28] 
INFO [2025-06-17 18:06:28] $output
INFO [2025-06-17 18:06:28] [1] TRUE
INFO [2025-06-17 18:06:28] 
INFO [2025-06-17 18:06:28] $fill
INFO [2025-06-17 18:06:28] c("red", "blue")
INFO [2025-06-17 18:06:28] 
INFO [2025-06-17 18:06:28] $main
INFO [2025-06-17 18:06:28] [1] "Common DEGs - Alkon - Keratinocytes"
INFO [2025-06-17 18:06:28] 
INFO [2025-06-17 18:06:28] $cat.dist
INFO [2025-06-17 18:06:28] c(0.03, 0.03)
INFO [2025-06-17 18:06:28] 
INFO [2025-06-17 18:06:28] $main.cex
INFO [2025-06-17 18:06:28] [1] 1.3
INFO [2025-06-17 18:06:28] 
INFO [2025-06-17 18:06:28] $main.fontface
INFO [2025-06-17 18:06:28] [1] "bold"
INFO [2025-06-17 18:06:28] 
INFO [2025-06-17 18:06:28] $cat.cex
INFO [2025-06-17 18:06:28] [1] 1.3
INFO [2025-06-17 18:06:28] 
INFO [2025-06-17 18:06:28] $cat.pos
INFO [2025-06-17 18:06:28] c(-17, 17)
INFO [2025-06-17 18:06:28] 
INFO [2025-06-17 18:06:28] $cex
INFO [2025-06-17 18:06:28] [1] 1.3
INFO [2025-06-17 18:06:28] 
INFO [2025-06-17 18:06:28] $cat.col
INFO [2025-06-17 18:06:28] c("red", "blue")
INFO [2025-06-17 18:06:28] 
