INFO [2025-06-17 18:00:37] $x
INFO [2025-06-17 18:00:37] gene_sets
INFO [2025-06-17 18:00:37] 
INFO [2025-06-17 18:00:37] $category.names
INFO [2025-06-17 18:00:37] c("FindAllMarkers", "Pseudo-Bulk")
INFO [2025-06-17 18:00:37] 
INFO [2025-06-17 18:00:37] $filename
INFO [2025-06-17 18:00:37] [1] "venn_diagram.png"
INFO [2025-06-17 18:00:37] 
INFO [2025-06-17 18:00:37] $output
INFO [2025-06-17 18:00:37] [1] TRUE
INFO [2025-06-17 18:00:37] 
INFO [2025-06-17 18:00:37] $fill
INFO [2025-06-17 18:00:37] c("red", "blue")
INFO [2025-06-17 18:00:37] 
INFO [2025-06-17 18:00:37] $cat.dist
INFO [2025-06-17 18:00:37] c(0.03, 0.03)
INFO [2025-06-17 18:00:37] 
INFO [2025-06-17 18:00:37] $cat.cex
INFO [2025-06-17 18:00:37] [1] 1.2
INFO [2025-06-17 18:00:37] 
INFO [2025-06-17 18:00:37] $cat.pos
INFO [2025-06-17 18:00:37] c(-17, 17)
INFO [2025-06-17 18:00:37] 
INFO [2025-06-17 18:00:37] $cex
INFO [2025-06-17 18:00:37] [1] 1.5
INFO [2025-06-17 18:00:37] 
INFO [2025-06-17 18:00:37] $cat.col
INFO [2025-06-17 18:00:37] c("red", "blue")
INFO [2025-06-17 18:00:37] 
