INFO [2025-06-17 18:27:34] $x
INFO [2025-06-17 18:27:34] gene_sets
INFO [2025-06-17 18:27:34] 
INFO [2025-06-17 18:27:34] $category.names
INFO [2025-06-17 18:27:34] c("DESeq2", "Limma")
INFO [2025-06-17 18:27:34] 
INFO [2025-06-17 18:27:34] $filename
INFO [2025-06-17 18:27:34] NULL
INFO [2025-06-17 18:27:34] 
INFO [2025-06-17 18:27:34] $output
INFO [2025-06-17 18:27:34] [1] TRUE
INFO [2025-06-17 18:27:34] 
INFO [2025-06-17 18:27:34] $fill
INFO [2025-06-17 18:27:34] c("red", "blue")
INFO [2025-06-17 18:27:34] 
INFO [2025-06-17 18:27:34] $main
INFO [2025-06-17 18:27:34] [1] "Common DEGs in Tc - AR DESeq2 vs Limma"
INFO [2025-06-17 18:27:34] 
INFO [2025-06-17 18:27:34] $main.fontface
INFO [2025-06-17 18:27:34] [1] "bold"
INFO [2025-06-17 18:27:34] 
INFO [2025-06-17 18:27:34] $cat.dist
INFO [2025-06-17 18:27:34] c(0.03, 0.03)
INFO [2025-06-17 18:27:34] 
INFO [2025-06-17 18:27:34] $main.cex
INFO [2025-06-17 18:27:34] [1] 1.3
INFO [2025-06-17 18:27:34] 
INFO [2025-06-17 18:27:34] $cat.cex
INFO [2025-06-17 18:27:34] [1] 1.3
INFO [2025-06-17 18:27:34] 
INFO [2025-06-17 18:27:34] $cat.pos
INFO [2025-06-17 18:27:34] c(-17, 17)
INFO [2025-06-17 18:27:34] 
INFO [2025-06-17 18:27:34] $cex
INFO [2025-06-17 18:27:34] [1] 1.3
INFO [2025-06-17 18:27:34] 
INFO [2025-06-17 18:27:34] $cat.col
INFO [2025-06-17 18:27:34] c("red", "blue")
INFO [2025-06-17 18:27:34] 
