INFO [2025-06-17 18:26:21] $x
INFO [2025-06-17 18:26:21] gene_sets
INFO [2025-06-17 18:26:21] 
INFO [2025-06-17 18:26:21] $category.names
INFO [2025-06-17 18:26:21] c("DESeq2", "Limma")
INFO [2025-06-17 18:26:21] 
INFO [2025-06-17 18:26:21] $filename
INFO [2025-06-17 18:26:21] NULL
INFO [2025-06-17 18:26:21] 
INFO [2025-06-17 18:26:21] $output
INFO [2025-06-17 18:26:21] [1] TRUE
INFO [2025-06-17 18:26:21] 
INFO [2025-06-17 18:26:21] $fill
INFO [2025-06-17 18:26:21] c("red", "blue")
INFO [2025-06-17 18:26:21] 
INFO [2025-06-17 18:26:21] $main
INFO [2025-06-17 18:26:21] [1] "Common pathways in Undif KC - AR DESeq2 vs Limma"
INFO [2025-06-17 18:26:21] 
INFO [2025-06-17 18:26:21] $main.fontface
INFO [2025-06-17 18:26:21] [1] "bold"
INFO [2025-06-17 18:26:21] 
INFO [2025-06-17 18:26:21] $cat.dist
INFO [2025-06-17 18:26:21] c(0.03, 0.03)
INFO [2025-06-17 18:26:21] 
INFO [2025-06-17 18:26:21] $main.cex
INFO [2025-06-17 18:26:21] [1] 1.3
INFO [2025-06-17 18:26:21] 
INFO [2025-06-17 18:26:21] $cat.cex
INFO [2025-06-17 18:26:21] [1] 1.3
INFO [2025-06-17 18:26:21] 
INFO [2025-06-17 18:26:21] $cat.pos
INFO [2025-06-17 18:26:21] c(-17, 17)
INFO [2025-06-17 18:26:21] 
INFO [2025-06-17 18:26:21] $cex
INFO [2025-06-17 18:26:21] [1] 1.3
INFO [2025-06-17 18:26:21] 
INFO [2025-06-17 18:26:21] $cat.col
INFO [2025-06-17 18:26:21] c("red", "blue")
INFO [2025-06-17 18:26:21] 
