INFO [2025-04-24 08:07:47] $x
INFO [2025-04-24 08:07:47] pathway_sets
INFO [2025-04-24 08:07:47] 
INFO [2025-04-24 08:07:47] $category.names
INFO [2025-04-24 08:07:47] c("Tcell_Prev", "Th_Celltypist", "Tcell_Celltypist")
INFO [2025-04-24 08:07:47] 
INFO [2025-04-24 08:07:47] $filename
INFO [2025-04-24 08:07:47] NULL
INFO [2025-04-24 08:07:47] 
INFO [2025-04-24 08:07:47] $output
INFO [2025-04-24 08:07:47] [1] TRUE
INFO [2025-04-24 08:07:47] 
INFO [2025-04-24 08:07:47] $fill
INFO [2025-04-24 08:07:47] c("red", "blue", "green")
INFO [2025-04-24 08:07:47] 
INFO [2025-04-24 08:07:47] $main
INFO [2025-04-24 08:07:47] [1] "Pathway comparison btw annotations"
INFO [2025-04-24 08:07:47] 
INFO [2025-04-24 08:07:47] $cat.dist
INFO [2025-04-24 08:07:47] c(0.04, 0.04, 0.04)
INFO [2025-04-24 08:07:47] 
INFO [2025-04-24 08:07:47] $main.cex
INFO [2025-04-24 08:07:47] [1] 1
INFO [2025-04-24 08:07:47] 
INFO [2025-04-24 08:07:47] $cat.cex
INFO [2025-04-24 08:07:47] [1] 0.8
INFO [2025-04-24 08:07:47] 
INFO [2025-04-24 08:07:47] $cat.pos
INFO [2025-04-24 08:07:47] c(-20, 20, 180)
INFO [2025-04-24 08:07:47] 
INFO [2025-04-24 08:07:47] $cex
INFO [2025-04-24 08:07:47] [1] 1.5
INFO [2025-04-24 08:07:47] 
