INFO [2025-04-24 08:07:25] $x
INFO [2025-04-24 08:07:25] gene_sets
INFO [2025-04-24 08:07:25] 
INFO [2025-04-24 08:07:25] $category.names
INFO [2025-04-24 08:07:25] c("Tcell_prev", "Th_Celltypist", "Tcell_Celltypist")
INFO [2025-04-24 08:07:25] 
INFO [2025-04-24 08:07:25] $filename
INFO [2025-04-24 08:07:25] NULL
INFO [2025-04-24 08:07:25] 
INFO [2025-04-24 08:07:25] $output
INFO [2025-04-24 08:07:25] [1] TRUE
INFO [2025-04-24 08:07:25] 
INFO [2025-04-24 08:07:25] $fill
INFO [2025-04-24 08:07:25] c("red", "blue", "green")
INFO [2025-04-24 08:07:25] 
INFO [2025-04-24 08:07:25] $main
INFO [2025-04-24 08:07:25] [1] "DEGs comparison btw annotations"
INFO [2025-04-24 08:07:25] 
INFO [2025-04-24 08:07:25] $cat.dist
INFO [2025-04-24 08:07:25] c(0.04, 0.04, 0.04)
INFO [2025-04-24 08:07:25] 
INFO [2025-04-24 08:07:25] $main.cex
INFO [2025-04-24 08:07:25] [1] 1
INFO [2025-04-24 08:07:25] 
INFO [2025-04-24 08:07:25] $cat.cex
INFO [2025-04-24 08:07:25] [1] 0.8
INFO [2025-04-24 08:07:25] 
INFO [2025-04-24 08:07:25] $cat.pos
INFO [2025-04-24 08:07:25] c(-20, 20, 180)
INFO [2025-04-24 08:07:25] 
INFO [2025-04-24 08:07:25] $cex
INFO [2025-04-24 08:07:25] [1] 1.5
INFO [2025-04-24 08:07:25] 
