INFO [2025-05-05 08:54:52] $x
INFO [2025-05-05 08:54:52] gene_sets
INFO [2025-05-05 08:54:52] 
INFO [2025-05-05 08:54:52] $category.names
INFO [2025-05-05 08:54:52] c("Tcell_prev", "Th_Celltypist", "Tcell_Celltypist")
INFO [2025-05-05 08:54:52] 
INFO [2025-05-05 08:54:52] $filename
INFO [2025-05-05 08:54:52] NULL
INFO [2025-05-05 08:54:52] 
INFO [2025-05-05 08:54:52] $output
INFO [2025-05-05 08:54:52] [1] TRUE
INFO [2025-05-05 08:54:52] 
INFO [2025-05-05 08:54:52] $fill
INFO [2025-05-05 08:54:52] c("red", "blue", "green")
INFO [2025-05-05 08:54:52] 
INFO [2025-05-05 08:54:52] $main
INFO [2025-05-05 08:54:52] [1] "DEGs comparison btw annotations"
INFO [2025-05-05 08:54:52] 
INFO [2025-05-05 08:54:52] $cat.dist
INFO [2025-05-05 08:54:52] c(0.04, 0.04, 0.04)
INFO [2025-05-05 08:54:52] 
INFO [2025-05-05 08:54:52] $main.cex
INFO [2025-05-05 08:54:52] [1] 1
INFO [2025-05-05 08:54:52] 
INFO [2025-05-05 08:54:52] $cat.cex
INFO [2025-05-05 08:54:52] [1] 0.8
INFO [2025-05-05 08:54:52] 
INFO [2025-05-05 08:54:52] $cat.pos
INFO [2025-05-05 08:54:52] c(-20, 20, 180)
INFO [2025-05-05 08:54:52] 
INFO [2025-05-05 08:54:52] $cex
INFO [2025-05-05 08:54:52] [1] 1.5
INFO [2025-05-05 08:54:52] 
