INFO [2025-04-23 14:08:13] $x
INFO [2025-04-23 14:08:13] pathway_sets
INFO [2025-04-23 14:08:13] 
INFO [2025-04-23 14:08:13] $category.names
INFO [2025-04-23 14:08:13] c("Tcell_Prev", "Th_Celltypist", "Tcell_Celltypist")
INFO [2025-04-23 14:08:13] 
INFO [2025-04-23 14:08:13] $filename
INFO [2025-04-23 14:08:13] NULL
INFO [2025-04-23 14:08:13] 
INFO [2025-04-23 14:08:13] $output
INFO [2025-04-23 14:08:13] [1] TRUE
INFO [2025-04-23 14:08:13] 
INFO [2025-04-23 14:08:13] $fill
INFO [2025-04-23 14:08:13] c("red", "blue", "green")
INFO [2025-04-23 14:08:13] 
INFO [2025-04-23 14:08:13] $main
INFO [2025-04-23 14:08:13] [1] "Pathway comparison btw annotations"
INFO [2025-04-23 14:08:13] 
INFO [2025-04-23 14:08:13] $cat.dist
INFO [2025-04-23 14:08:13] c(0.04, 0.04, 0.04)
INFO [2025-04-23 14:08:13] 
INFO [2025-04-23 14:08:13] $main.cex
INFO [2025-04-23 14:08:13] [1] 1
INFO [2025-04-23 14:08:13] 
INFO [2025-04-23 14:08:13] $cat.cex
INFO [2025-04-23 14:08:13] [1] 0.8
INFO [2025-04-23 14:08:13] 
INFO [2025-04-23 14:08:13] $cat.pos
INFO [2025-04-23 14:08:13] c(-20, 20, 180)
INFO [2025-04-23 14:08:13] 
INFO [2025-04-23 14:08:13] $cex
INFO [2025-04-23 14:08:13] [1] 1.5
INFO [2025-04-23 14:08:13] 
