INFO [2025-01-09 10:47:42] $x
INFO [2025-01-09 10:47:42] gene_sets
INFO [2025-01-09 10:47:42] 
INFO [2025-01-09 10:47:42] $category.names
INFO [2025-01-09 10:47:42] c("SC", "Bulk")
INFO [2025-01-09 10:47:42] 
INFO [2025-01-09 10:47:42] $filename
INFO [2025-01-09 10:47:42] NULL
INFO [2025-01-09 10:47:42] 
INFO [2025-01-09 10:47:42] $output
INFO [2025-01-09 10:47:42] [1] TRUE
INFO [2025-01-09 10:47:42] 
INFO [2025-01-09 10:47:42] $fill
INFO [2025-01-09 10:47:42] c("red", "blue")
INFO [2025-01-09 10:47:42] 
INFO [2025-01-09 10:47:42] $main
INFO [2025-01-09 10:47:42] [1] "Common DEGs Reynolds Tcells"
INFO [2025-01-09 10:47:42] 
INFO [2025-01-09 10:47:42] $main.cex
INFO [2025-01-09 10:47:42] [1] 2
INFO [2025-01-09 10:47:42] 
INFO [2025-01-09 10:47:42] $cat.cex
INFO [2025-01-09 10:47:42] [1] 1.5
INFO [2025-01-09 10:47:42] 
INFO [2025-01-09 10:47:42] $cat.pos
INFO [2025-01-09 10:47:42] c(-20, 20)
INFO [2025-01-09 10:47:42] 
INFO [2025-01-09 10:47:42] $cex
INFO [2025-01-09 10:47:42] [1] 1.5
INFO [2025-01-09 10:47:42] 
