INFO [2025-01-09 10:49:51] $x
INFO [2025-01-09 10:49:51] gene_sets
INFO [2025-01-09 10:49:51] 
INFO [2025-01-09 10:49:51] $category.names
INFO [2025-01-09 10:49:51] c("SC", "Bulk")
INFO [2025-01-09 10:49:51] 
INFO [2025-01-09 10:49:51] $filename
INFO [2025-01-09 10:49:51] NULL
INFO [2025-01-09 10:49:51] 
INFO [2025-01-09 10:49:51] $output
INFO [2025-01-09 10:49:51] [1] TRUE
INFO [2025-01-09 10:49:51] 
INFO [2025-01-09 10:49:51] $fill
INFO [2025-01-09 10:49:51] c("red", "blue")
INFO [2025-01-09 10:49:51] 
INFO [2025-01-09 10:49:51] $main
INFO [2025-01-09 10:49:51] [1] "Common DEGs Reynolds Keratinocytes"
INFO [2025-01-09 10:49:51] 
INFO [2025-01-09 10:49:51] $cat.dist
INFO [2025-01-09 10:49:51] c(0.04, 0.04)
INFO [2025-01-09 10:49:51] 
INFO [2025-01-09 10:49:51] $main.cex
INFO [2025-01-09 10:49:51] [1] 2
INFO [2025-01-09 10:49:51] 
INFO [2025-01-09 10:49:51] $cat.cex
INFO [2025-01-09 10:49:51] [1] 1.5
INFO [2025-01-09 10:49:51] 
INFO [2025-01-09 10:49:51] $cat.pos
INFO [2025-01-09 10:49:51] c(-20, 20)
INFO [2025-01-09 10:49:51] 
INFO [2025-01-09 10:49:51] $cex
INFO [2025-01-09 10:49:51] [1] 1.5
INFO [2025-01-09 10:49:51] 
