INFO [2025-06-19 09:05:18] $x
INFO [2025-06-19 09:05:18] gene_sets
INFO [2025-06-19 09:05:18] 
INFO [2025-06-19 09:05:18] $category.names
INFO [2025-06-19 09:05:18] c("Alkon", "Reynolds")
INFO [2025-06-19 09:05:18] 
INFO [2025-06-19 09:05:18] $filename
INFO [2025-06-19 09:05:18] NULL
INFO [2025-06-19 09:05:18] 
INFO [2025-06-19 09:05:18] $output
INFO [2025-06-19 09:05:18] [1] TRUE
INFO [2025-06-19 09:05:18] 
INFO [2025-06-19 09:05:18] $fill
INFO [2025-06-19 09:05:18] c("red", "blue")
INFO [2025-06-19 09:05:18] 
INFO [2025-06-19 09:05:18] $main
INFO [2025-06-19 09:05:18] [1] "Common DEGs btw datasets - KC (FindAllMarkers)"
INFO [2025-06-19 09:05:18] 
INFO [2025-06-19 09:05:18] $main.fontface
INFO [2025-06-19 09:05:18] [1] "bold"
INFO [2025-06-19 09:05:18] 
INFO [2025-06-19 09:05:18] $cat.dist
INFO [2025-06-19 09:05:18] c(0.03, 0.03)
INFO [2025-06-19 09:05:18] 
INFO [2025-06-19 09:05:18] $main.cex
INFO [2025-06-19 09:05:18] [1] 1.3
INFO [2025-06-19 09:05:18] 
INFO [2025-06-19 09:05:18] $cat.cex
INFO [2025-06-19 09:05:18] [1] 1.3
INFO [2025-06-19 09:05:18] 
INFO [2025-06-19 09:05:18] $cat.pos
INFO [2025-06-19 09:05:18] c(-17, 17)
INFO [2025-06-19 09:05:18] 
INFO [2025-06-19 09:05:18] $cex
INFO [2025-06-19 09:05:18] [1] 1.3
INFO [2025-06-19 09:05:18] 
INFO [2025-06-19 09:05:18] $cat.col
INFO [2025-06-19 09:05:18] c("red", "blue")
INFO [2025-06-19 09:05:18] 
