INFO [2025-06-19 09:00:08] $x
INFO [2025-06-19 09:00:08] gene_sets
INFO [2025-06-19 09:00:08] 
INFO [2025-06-19 09:00:08] $category.names
INFO [2025-06-19 09:00:08] c("Alkon", "Reynolds")
INFO [2025-06-19 09:00:08] 
INFO [2025-06-19 09:00:08] $filename
INFO [2025-06-19 09:00:08] NULL
INFO [2025-06-19 09:00:08] 
INFO [2025-06-19 09:00:08] $output
INFO [2025-06-19 09:00:08] [1] TRUE
INFO [2025-06-19 09:00:08] 
INFO [2025-06-19 09:00:08] $fill
INFO [2025-06-19 09:00:08] c("red", "blue")
INFO [2025-06-19 09:00:08] 
INFO [2025-06-19 09:00:08] $main
INFO [2025-06-19 09:00:08] [1] "Common DEGs btw datasets - KC (FAM)"
INFO [2025-06-19 09:00:08] 
INFO [2025-06-19 09:00:08] $main.fontface
INFO [2025-06-19 09:00:08] [1] "bold"
INFO [2025-06-19 09:00:08] 
INFO [2025-06-19 09:00:08] $cat.dist
INFO [2025-06-19 09:00:08] c(0.03, 0.03)
INFO [2025-06-19 09:00:08] 
INFO [2025-06-19 09:00:08] $main.cex
INFO [2025-06-19 09:00:08] [1] 1.3
INFO [2025-06-19 09:00:08] 
INFO [2025-06-19 09:00:08] $cat.cex
INFO [2025-06-19 09:00:08] [1] 1.3
INFO [2025-06-19 09:00:08] 
INFO [2025-06-19 09:00:08] $cat.pos
INFO [2025-06-19 09:00:08] c(-17, 17)
INFO [2025-06-19 09:00:08] 
INFO [2025-06-19 09:00:08] $cex
INFO [2025-06-19 09:00:08] [1] 1.3
INFO [2025-06-19 09:00:08] 
INFO [2025-06-19 09:00:08] $cat.col
INFO [2025-06-19 09:00:08] c("red", "blue")
INFO [2025-06-19 09:00:08] 
