INFO [2025-06-17 17:31:33] $x
INFO [2025-06-17 17:31:33] gene_sets
INFO [2025-06-17 17:31:33] 
INFO [2025-06-17 17:31:33] $category.names
INFO [2025-06-17 17:31:33] c("Alkon", "Reynolds")
INFO [2025-06-17 17:31:33] 
INFO [2025-06-17 17:31:33] $filename
INFO [2025-06-17 17:31:33] NULL
INFO [2025-06-17 17:31:33] 
INFO [2025-06-17 17:31:33] $output
INFO [2025-06-17 17:31:33] [1] TRUE
INFO [2025-06-17 17:31:33] 
INFO [2025-06-17 17:31:33] $fill
INFO [2025-06-17 17:31:33] c("red", "blue")
INFO [2025-06-17 17:31:33] 
INFO [2025-06-17 17:31:33] $main
INFO [2025-06-17 17:31:33] [1] "Common pathways btw datasets - KC (FindAllMarkers)"
INFO [2025-06-17 17:31:33] 
INFO [2025-06-17 17:31:33] $main.fontface
INFO [2025-06-17 17:31:33] [1] "bold"
INFO [2025-06-17 17:31:33] 
INFO [2025-06-17 17:31:33] $cat.dist
INFO [2025-06-17 17:31:33] c(0.03, 0.03)
INFO [2025-06-17 17:31:33] 
INFO [2025-06-17 17:31:33] $main.cex
INFO [2025-06-17 17:31:33] [1] 1.3
INFO [2025-06-17 17:31:33] 
INFO [2025-06-17 17:31:33] $cat.cex
INFO [2025-06-17 17:31:33] [1] 1.3
INFO [2025-06-17 17:31:33] 
INFO [2025-06-17 17:31:33] $cat.pos
INFO [2025-06-17 17:31:33] c(-17, 17)
INFO [2025-06-17 17:31:33] 
INFO [2025-06-17 17:31:33] $cex
INFO [2025-06-17 17:31:33] [1] 1.3
INFO [2025-06-17 17:31:33] 
INFO [2025-06-17 17:31:33] $cat.col
INFO [2025-06-17 17:31:33] c("red", "blue")
INFO [2025-06-17 17:31:33] 
