INFO [2025-06-17 18:04:06] $x
INFO [2025-06-17 18:04:06] gene_sets
INFO [2025-06-17 18:04:06] 
INFO [2025-06-17 18:04:06] $category.names
INFO [2025-06-17 18:04:06] c("FindAllMarkers", "Pseudo-Bulk")
INFO [2025-06-17 18:04:06] 
INFO [2025-06-17 18:04:06] $filename
INFO [2025-06-17 18:04:06] NULL
INFO [2025-06-17 18:04:06] 
INFO [2025-06-17 18:04:06] $output
INFO [2025-06-17 18:04:06] [1] TRUE
INFO [2025-06-17 18:04:06] 
INFO [2025-06-17 18:04:06] $fill
INFO [2025-06-17 18:04:06] c("red", "blue")
INFO [2025-06-17 18:04:06] 
INFO [2025-06-17 18:04:06] $main
INFO [2025-06-17 18:04:06] [1] "Common DEGs - Reynolds - Tcells"
INFO [2025-06-17 18:04:06] 
INFO [2025-06-17 18:04:06] $cat.dist
INFO [2025-06-17 18:04:06] c(0.03, 0.03)
INFO [2025-06-17 18:04:06] 
INFO [2025-06-17 18:04:06] $main.cex
INFO [2025-06-17 18:04:06] [1] 1.3
INFO [2025-06-17 18:04:06] 
INFO [2025-06-17 18:04:06] $main.fontface
INFO [2025-06-17 18:04:06] [1] "bold"
INFO [2025-06-17 18:04:06] 
INFO [2025-06-17 18:04:06] $cat.cex
INFO [2025-06-17 18:04:06] [1] 1.3
INFO [2025-06-17 18:04:06] 
INFO [2025-06-17 18:04:06] $cat.pos
INFO [2025-06-17 18:04:06] c(-17, 17)
INFO [2025-06-17 18:04:06] 
INFO [2025-06-17 18:04:06] $cex
INFO [2025-06-17 18:04:06] [1] 1.3
INFO [2025-06-17 18:04:06] 
INFO [2025-06-17 18:04:06] $cat.col
INFO [2025-06-17 18:04:06] c("red", "blue")
INFO [2025-06-17 18:04:06] 
