INFO [2025-06-17 18:19:48] $x
INFO [2025-06-17 18:19:48] gene_sets
INFO [2025-06-17 18:19:48] 
INFO [2025-06-17 18:19:48] $category.names
INFO [2025-06-17 18:19:48] c("DESeq2", "Limma")
INFO [2025-06-17 18:19:48] 
INFO [2025-06-17 18:19:48] $filename
INFO [2025-06-17 18:19:48] NULL
INFO [2025-06-17 18:19:48] 
INFO [2025-06-17 18:19:48] $output
INFO [2025-06-17 18:19:48] [1] TRUE
INFO [2025-06-17 18:19:48] 
INFO [2025-06-17 18:19:48] $fill
INFO [2025-06-17 18:19:48] c("red", "blue")
INFO [2025-06-17 18:19:48] 
INFO [2025-06-17 18:19:48] $main
INFO [2025-06-17 18:19:48] [1] "Common pathways in KC - AR DESeq2 vs Limma"
INFO [2025-06-17 18:19:48] 
INFO [2025-06-17 18:19:48] $main.fontface
INFO [2025-06-17 18:19:48] [1] "bold"
INFO [2025-06-17 18:19:48] 
INFO [2025-06-17 18:19:48] $cat.dist
INFO [2025-06-17 18:19:48] c(0.03, 0.03)
INFO [2025-06-17 18:19:48] 
INFO [2025-06-17 18:19:48] $main.cex
INFO [2025-06-17 18:19:48] [1] 1.3
INFO [2025-06-17 18:19:48] 
INFO [2025-06-17 18:19:48] $cat.cex
INFO [2025-06-17 18:19:48] [1] 1.3
INFO [2025-06-17 18:19:48] 
INFO [2025-06-17 18:19:48] $cat.pos
INFO [2025-06-17 18:19:48] c(-17, 17)
INFO [2025-06-17 18:19:48] 
INFO [2025-06-17 18:19:48] $cex
INFO [2025-06-17 18:19:48] [1] 1.3
INFO [2025-06-17 18:19:48] 
INFO [2025-06-17 18:19:48] $cat.col
INFO [2025-06-17 18:19:48] c("red", "blue")
INFO [2025-06-17 18:19:48] 
