INFO [2025-06-17 17:31:59] $x
INFO [2025-06-17 17:31:59] gene_sets
INFO [2025-06-17 17:31:59] 
INFO [2025-06-17 17:31:59] $category.names
INFO [2025-06-17 17:31:59] c("Alkon", "Reynolds")
INFO [2025-06-17 17:31:59] 
INFO [2025-06-17 17:31:59] $filename
INFO [2025-06-17 17:31:59] NULL
INFO [2025-06-17 17:31:59] 
INFO [2025-06-17 17:31:59] $output
INFO [2025-06-17 17:31:59] [1] TRUE
INFO [2025-06-17 17:31:59] 
INFO [2025-06-17 17:31:59] $fill
INFO [2025-06-17 17:31:59] c("red", "blue")
INFO [2025-06-17 17:31:59] 
INFO [2025-06-17 17:31:59] $main
INFO [2025-06-17 17:31:59] [1] "Common pathways btw datasets - KC (FindAllMarkers)"
INFO [2025-06-17 17:31:59] 
INFO [2025-06-17 17:31:59] $main.fontface
INFO [2025-06-17 17:31:59] [1] "bold"
INFO [2025-06-17 17:31:59] 
INFO [2025-06-17 17:31:59] $cat.dist
INFO [2025-06-17 17:31:59] c(0.03, 0.03)
INFO [2025-06-17 17:31:59] 
INFO [2025-06-17 17:31:59] $main.cex
INFO [2025-06-17 17:31:59] [1] 1.3
INFO [2025-06-17 17:31:59] 
INFO [2025-06-17 17:31:59] $cat.cex
INFO [2025-06-17 17:31:59] [1] 1.3
INFO [2025-06-17 17:31:59] 
INFO [2025-06-17 17:31:59] $cat.pos
INFO [2025-06-17 17:31:59] c(-17, 17)
INFO [2025-06-17 17:31:59] 
INFO [2025-06-17 17:31:59] $cex
INFO [2025-06-17 17:31:59] [1] 1.3
INFO [2025-06-17 17:31:59] 
INFO [2025-06-17 17:31:59] $cat.col
INFO [2025-06-17 17:31:59] c("red", "blue")
INFO [2025-06-17 17:31:59] 
