INFO [2025-06-17 18:22:29] $x
INFO [2025-06-17 18:22:29] gene_sets
INFO [2025-06-17 18:22:29] 
INFO [2025-06-17 18:22:29] $category.names
INFO [2025-06-17 18:22:29] c("DESeq2", "Limma")
INFO [2025-06-17 18:22:29] 
INFO [2025-06-17 18:22:29] $filename
INFO [2025-06-17 18:22:29] NULL
INFO [2025-06-17 18:22:29] 
INFO [2025-06-17 18:22:29] $output
INFO [2025-06-17 18:22:29] [1] TRUE
INFO [2025-06-17 18:22:29] 
INFO [2025-06-17 18:22:29] $fill
INFO [2025-06-17 18:22:29] c("red", "blue")
INFO [2025-06-17 18:22:29] 
INFO [2025-06-17 18:22:29] $main
INFO [2025-06-17 18:22:29] [1] "Common pathways in Undif KC - AR DESeq2 vs Limma"
INFO [2025-06-17 18:22:29] 
INFO [2025-06-17 18:22:29] $main.fontface
INFO [2025-06-17 18:22:29] [1] "bold"
INFO [2025-06-17 18:22:29] 
INFO [2025-06-17 18:22:29] $cat.dist
INFO [2025-06-17 18:22:29] c(0.03, 0.03)
INFO [2025-06-17 18:22:29] 
INFO [2025-06-17 18:22:29] $main.cex
INFO [2025-06-17 18:22:29] [1] 1.3
INFO [2025-06-17 18:22:29] 
INFO [2025-06-17 18:22:29] $cat.cex
INFO [2025-06-17 18:22:29] [1] 1.3
INFO [2025-06-17 18:22:29] 
INFO [2025-06-17 18:22:29] $cat.pos
INFO [2025-06-17 18:22:29] c(-17, 17)
INFO [2025-06-17 18:22:29] 
INFO [2025-06-17 18:22:29] $cex
INFO [2025-06-17 18:22:29] [1] 1.3
INFO [2025-06-17 18:22:29] 
INFO [2025-06-17 18:22:29] $cat.col
INFO [2025-06-17 18:22:29] c("red", "blue")
INFO [2025-06-17 18:22:29] 
