INFO [2025-06-17 18:04:19] $x
INFO [2025-06-17 18:04:19] gene_sets
INFO [2025-06-17 18:04:19] 
INFO [2025-06-17 18:04:19] $category.names
INFO [2025-06-17 18:04:19] c("FindAllMarkers", "Pseudo-Bulk")
INFO [2025-06-17 18:04:19] 
INFO [2025-06-17 18:04:19] $filename
INFO [2025-06-17 18:04:19] NULL
INFO [2025-06-17 18:04:19] 
INFO [2025-06-17 18:04:19] $output
INFO [2025-06-17 18:04:19] [1] TRUE
INFO [2025-06-17 18:04:19] 
INFO [2025-06-17 18:04:19] $fill
INFO [2025-06-17 18:04:19] c("red", "blue")
INFO [2025-06-17 18:04:19] 
INFO [2025-06-17 18:04:19] $main
INFO [2025-06-17 18:04:19] [1] "Common DEGs - Alkon - T Cells"
INFO [2025-06-17 18:04:19] 
INFO [2025-06-17 18:04:19] $cat.dist
INFO [2025-06-17 18:04:19] c(0.03, 0.03)
INFO [2025-06-17 18:04:19] 
INFO [2025-06-17 18:04:19] $main.cex
INFO [2025-06-17 18:04:19] [1] 1.3
INFO [2025-06-17 18:04:19] 
INFO [2025-06-17 18:04:19] $main.fontface
INFO [2025-06-17 18:04:19] [1] "bold"
INFO [2025-06-17 18:04:19] 
INFO [2025-06-17 18:04:19] $cat.cex
INFO [2025-06-17 18:04:19] [1] 1.3
INFO [2025-06-17 18:04:19] 
INFO [2025-06-17 18:04:19] $cat.pos
INFO [2025-06-17 18:04:19] c(-17, 17)
INFO [2025-06-17 18:04:19] 
INFO [2025-06-17 18:04:19] $cex
INFO [2025-06-17 18:04:19] [1] 1.3
INFO [2025-06-17 18:04:19] 
INFO [2025-06-17 18:04:19] $cat.col
INFO [2025-06-17 18:04:19] c("red", "blue")
INFO [2025-06-17 18:04:19] 
