INFO [2025-06-17 18:26:26] $x
INFO [2025-06-17 18:26:26] gene_sets
INFO [2025-06-17 18:26:26] 
INFO [2025-06-17 18:26:26] $category.names
INFO [2025-06-17 18:26:26] c("DESeq2", "Limma")
INFO [2025-06-17 18:26:26] 
INFO [2025-06-17 18:26:26] $filename
INFO [2025-06-17 18:26:26] NULL
INFO [2025-06-17 18:26:26] 
INFO [2025-06-17 18:26:26] $output
INFO [2025-06-17 18:26:26] [1] TRUE
INFO [2025-06-17 18:26:26] 
INFO [2025-06-17 18:26:26] $fill
INFO [2025-06-17 18:26:26] c("red", "blue")
INFO [2025-06-17 18:26:26] 
INFO [2025-06-17 18:26:26] $main
INFO [2025-06-17 18:26:26] [1] "Common DEGs in Dif KC - AR DESeq2 vs Limma"
INFO [2025-06-17 18:26:26] 
INFO [2025-06-17 18:26:26] $main.fontface
INFO [2025-06-17 18:26:26] [1] "bold"
INFO [2025-06-17 18:26:26] 
INFO [2025-06-17 18:26:26] $cat.dist
INFO [2025-06-17 18:26:26] c(0.03, 0.03)
INFO [2025-06-17 18:26:26] 
INFO [2025-06-17 18:26:26] $main.cex
INFO [2025-06-17 18:26:26] [1] 1.3
INFO [2025-06-17 18:26:26] 
INFO [2025-06-17 18:26:26] $cat.cex
INFO [2025-06-17 18:26:26] [1] 1.3
INFO [2025-06-17 18:26:26] 
INFO [2025-06-17 18:26:26] $cat.pos
INFO [2025-06-17 18:26:26] c(-17, 17)
INFO [2025-06-17 18:26:26] 
INFO [2025-06-17 18:26:26] $cex
INFO [2025-06-17 18:26:26] [1] 1.3
INFO [2025-06-17 18:26:26] 
INFO [2025-06-17 18:26:26] $cat.col
INFO [2025-06-17 18:26:26] c("red", "blue")
INFO [2025-06-17 18:26:26] 
