INFO [2025-06-17 18:20:38] $x
INFO [2025-06-17 18:20:38] gene_sets
INFO [2025-06-17 18:20:38] 
INFO [2025-06-17 18:20:38] $category.names
INFO [2025-06-17 18:20:38] c("DESeq2", "Limma")
INFO [2025-06-17 18:20:38] 
INFO [2025-06-17 18:20:38] $filename
INFO [2025-06-17 18:20:38] NULL
INFO [2025-06-17 18:20:38] 
INFO [2025-06-17 18:20:38] $output
INFO [2025-06-17 18:20:38] [1] TRUE
INFO [2025-06-17 18:20:38] 
INFO [2025-06-17 18:20:38] $fill
INFO [2025-06-17 18:20:38] c("red", "blue")
INFO [2025-06-17 18:20:38] 
INFO [2025-06-17 18:20:38] $main
INFO [2025-06-17 18:20:38] [1] "Common DEGs in KC - AR DESeq2 vs Limma"
INFO [2025-06-17 18:20:38] 
INFO [2025-06-17 18:20:38] $main.fontface
INFO [2025-06-17 18:20:38] [1] "bold"
INFO [2025-06-17 18:20:38] 
INFO [2025-06-17 18:20:38] $cat.dist
INFO [2025-06-17 18:20:38] c(0.03, 0.03)
INFO [2025-06-17 18:20:38] 
INFO [2025-06-17 18:20:38] $main.cex
INFO [2025-06-17 18:20:38] [1] 1.3
INFO [2025-06-17 18:20:38] 
INFO [2025-06-17 18:20:38] $cat.cex
INFO [2025-06-17 18:20:38] [1] 1.3
INFO [2025-06-17 18:20:38] 
INFO [2025-06-17 18:20:38] $cat.pos
INFO [2025-06-17 18:20:38] c(-17, 17)
INFO [2025-06-17 18:20:38] 
INFO [2025-06-17 18:20:38] $cex
INFO [2025-06-17 18:20:38] [1] 1.3
INFO [2025-06-17 18:20:38] 
INFO [2025-06-17 18:20:38] $cat.col
INFO [2025-06-17 18:20:38] c("red", "blue")
INFO [2025-06-17 18:20:38] 
