INFO [2025-06-17 17:58:18] $x
INFO [2025-06-17 17:58:18] gene_sets
INFO [2025-06-17 17:58:18] 
INFO [2025-06-17 17:58:18] $category.names
INFO [2025-06-17 17:58:18] c("FindAllMarkers", "Pseudo-Bulk")
INFO [2025-06-17 17:58:18] 
INFO [2025-06-17 17:58:18] $filename
INFO [2025-06-17 17:58:18] [1] "venn_diagram.png"
INFO [2025-06-17 17:58:18] 
INFO [2025-06-17 17:58:18] $output
INFO [2025-06-17 17:58:18] [1] TRUE
INFO [2025-06-17 17:58:18] 
INFO [2025-06-17 17:58:18] $fill
INFO [2025-06-17 17:58:18] c("red", "blue")
INFO [2025-06-17 17:58:18] 
INFO [2025-06-17 17:58:18] $cat.dist
INFO [2025-06-17 17:58:18] c(0.03, 0.03)
INFO [2025-06-17 17:58:18] 
INFO [2025-06-17 17:58:18] $cat.cex
INFO [2025-06-17 17:58:18] [1] 1.2
INFO [2025-06-17 17:58:18] 
INFO [2025-06-17 17:58:18] $cat.pos
INFO [2025-06-17 17:58:18] c(-17, 17)
INFO [2025-06-17 17:58:18] 
INFO [2025-06-17 17:58:18] $cex
INFO [2025-06-17 17:58:18] [1] 1.5
INFO [2025-06-17 17:58:18] 
INFO [2025-06-17 17:58:18] $cat.col
INFO [2025-06-17 17:58:18] c("red", "blue")
INFO [2025-06-17 17:58:18] 
