INFO [2025-06-17 17:55:01] $x
INFO [2025-06-17 17:55:01] gene_sets
INFO [2025-06-17 17:55:01] 
INFO [2025-06-17 17:55:01] $category.names
INFO [2025-06-17 17:55:01] c("DESeq2", "Limma")
INFO [2025-06-17 17:55:01] 
INFO [2025-06-17 17:55:01] $filename
INFO [2025-06-17 17:55:01] NULL
INFO [2025-06-17 17:55:01] 
INFO [2025-06-17 17:55:01] $output
INFO [2025-06-17 17:55:01] [1] TRUE
INFO [2025-06-17 17:55:01] 
INFO [2025-06-17 17:55:01] $fill
INFO [2025-06-17 17:55:01] c("red", "blue")
INFO [2025-06-17 17:55:01] 
INFO [2025-06-17 17:55:01] $main
INFO [2025-06-17 17:55:01] [1] "Common DEGs in KC - AR DESeq2 vs Limma"
INFO [2025-06-17 17:55:01] 
INFO [2025-06-17 17:55:01] $main.fontface
INFO [2025-06-17 17:55:01] [1] "bold"
INFO [2025-06-17 17:55:01] 
INFO [2025-06-17 17:55:01] $cat.dist
INFO [2025-06-17 17:55:01] c(0.03, 0.03)
INFO [2025-06-17 17:55:01] 
INFO [2025-06-17 17:55:01] $main.cex
INFO [2025-06-17 17:55:01] [1] 1.3
INFO [2025-06-17 17:55:01] 
INFO [2025-06-17 17:55:01] $cat.cex
INFO [2025-06-17 17:55:01] [1] 1.3
INFO [2025-06-17 17:55:01] 
INFO [2025-06-17 17:55:01] $cat.pos
INFO [2025-06-17 17:55:01] c(-17, 17)
INFO [2025-06-17 17:55:01] 
INFO [2025-06-17 17:55:01] $cex
INFO [2025-06-17 17:55:01] [1] 1.3
INFO [2025-06-17 17:55:01] 
INFO [2025-06-17 17:55:01] $cat.col
INFO [2025-06-17 17:55:01] c("red", "blue")
INFO [2025-06-17 17:55:01] 
