INFO [2025-06-17 18:24:49] $x
INFO [2025-06-17 18:24:49] gene_sets
INFO [2025-06-17 18:24:49] 
INFO [2025-06-17 18:24:49] $category.names
INFO [2025-06-17 18:24:49] c("DESeq2", "Limma")
INFO [2025-06-17 18:24:49] 
INFO [2025-06-17 18:24:49] $filename
INFO [2025-06-17 18:24:49] NULL
INFO [2025-06-17 18:24:49] 
INFO [2025-06-17 18:24:49] $output
INFO [2025-06-17 18:24:49] [1] TRUE
INFO [2025-06-17 18:24:49] 
INFO [2025-06-17 18:24:49] $fill
INFO [2025-06-17 18:24:49] c("red", "blue")
INFO [2025-06-17 18:24:49] 
INFO [2025-06-17 18:24:49] $main
INFO [2025-06-17 18:24:49] [1] "Common DEGs in Tcell - AR DESeq2 vs Limma"
INFO [2025-06-17 18:24:49] 
INFO [2025-06-17 18:24:49] $main.fontface
INFO [2025-06-17 18:24:49] [1] "bold"
INFO [2025-06-17 18:24:49] 
INFO [2025-06-17 18:24:49] $cat.dist
INFO [2025-06-17 18:24:49] c(0.03, 0.03)
INFO [2025-06-17 18:24:49] 
INFO [2025-06-17 18:24:49] $main.cex
INFO [2025-06-17 18:24:49] [1] 1.3
INFO [2025-06-17 18:24:49] 
INFO [2025-06-17 18:24:49] $cat.cex
INFO [2025-06-17 18:24:49] [1] 1.3
INFO [2025-06-17 18:24:49] 
INFO [2025-06-17 18:24:49] $cat.pos
INFO [2025-06-17 18:24:49] c(-17, 17)
INFO [2025-06-17 18:24:49] 
INFO [2025-06-17 18:24:49] $cex
INFO [2025-06-17 18:24:49] [1] 1.3
INFO [2025-06-17 18:24:49] 
INFO [2025-06-17 18:24:49] $cat.col
INFO [2025-06-17 18:24:49] c("red", "blue")
INFO [2025-06-17 18:24:49] 
