INFO [2025-06-17 17:30:09] $x
INFO [2025-06-17 17:30:09] gene_sets
INFO [2025-06-17 17:30:09] 
INFO [2025-06-17 17:30:09] $category.names
INFO [2025-06-17 17:30:09] c("Alkon", "Reynolds")
INFO [2025-06-17 17:30:09] 
INFO [2025-06-17 17:30:09] $filename
INFO [2025-06-17 17:30:09] NULL
INFO [2025-06-17 17:30:09] 
INFO [2025-06-17 17:30:09] $output
INFO [2025-06-17 17:30:09] [1] TRUE
INFO [2025-06-17 17:30:09] 
INFO [2025-06-17 17:30:09] $fill
INFO [2025-06-17 17:30:09] c("red", "blue")
INFO [2025-06-17 17:30:09] 
INFO [2025-06-17 17:30:09] $main
INFO [2025-06-17 17:30:09] [1] "Common pathways - Alkon vs Reynolds - KC (DESeq2)"
INFO [2025-06-17 17:30:09] 
INFO [2025-06-17 17:30:09] $main.fontface
INFO [2025-06-17 17:30:09] [1] "bold"
INFO [2025-06-17 17:30:09] 
INFO [2025-06-17 17:30:09] $cat.dist
INFO [2025-06-17 17:30:09] c(0.03, 0.03)
INFO [2025-06-17 17:30:09] 
INFO [2025-06-17 17:30:09] $main.cex
INFO [2025-06-17 17:30:09] [1] 1.3
INFO [2025-06-17 17:30:09] 
INFO [2025-06-17 17:30:09] $cat.cex
INFO [2025-06-17 17:30:09] [1] 1.3
INFO [2025-06-17 17:30:09] 
INFO [2025-06-17 17:30:09] $cat.pos
INFO [2025-06-17 17:30:09] c(-17, 17)
INFO [2025-06-17 17:30:09] 
INFO [2025-06-17 17:30:09] $cex
INFO [2025-06-17 17:30:09] [1] 1.3
INFO [2025-06-17 17:30:09] 
INFO [2025-06-17 17:30:09] $cat.col
INFO [2025-06-17 17:30:09] c("red", "blue")
INFO [2025-06-17 17:30:09] 
