INFO [2025-06-17 18:01:46] $x
INFO [2025-06-17 18:01:46] gene_sets
INFO [2025-06-17 18:01:46] 
INFO [2025-06-17 18:01:46] $category.names
INFO [2025-06-17 18:01:46] c("FindAllMarkers", "Pseudo-Bulk")
INFO [2025-06-17 18:01:46] 
INFO [2025-06-17 18:01:46] $filename
INFO [2025-06-17 18:01:46] [1] "venn_diagram.png"
INFO [2025-06-17 18:01:46] 
INFO [2025-06-17 18:01:46] $output
INFO [2025-06-17 18:01:46] [1] FALSE
INFO [2025-06-17 18:01:46] 
INFO [2025-06-17 18:01:46] $fill
INFO [2025-06-17 18:01:46] c("red", "blue")
INFO [2025-06-17 18:01:46] 
INFO [2025-06-17 18:01:46] $cat.dist
INFO [2025-06-17 18:01:46] c(0.03, 0.03)
INFO [2025-06-17 18:01:46] 
INFO [2025-06-17 18:01:46] $cat.cex
INFO [2025-06-17 18:01:46] [1] 1.2
INFO [2025-06-17 18:01:46] 
INFO [2025-06-17 18:01:46] $cat.pos
INFO [2025-06-17 18:01:46] c(-17, 17)
INFO [2025-06-17 18:01:46] 
INFO [2025-06-17 18:01:46] $cex
INFO [2025-06-17 18:01:46] [1] 1.5
INFO [2025-06-17 18:01:46] 
INFO [2025-06-17 18:01:46] $cat.col
INFO [2025-06-17 18:01:46] c("red", "blue")
INFO [2025-06-17 18:01:46] 
