INFO [2025-06-17 18:22:56] $x
INFO [2025-06-17 18:22:56] gene_sets
INFO [2025-06-17 18:22:56] 
INFO [2025-06-17 18:22:56] $category.names
INFO [2025-06-17 18:22:56] c("DESeq2", "Limma")
INFO [2025-06-17 18:22:56] 
INFO [2025-06-17 18:22:56] $filename
INFO [2025-06-17 18:22:56] NULL
INFO [2025-06-17 18:22:56] 
INFO [2025-06-17 18:22:56] $output
INFO [2025-06-17 18:22:56] [1] TRUE
INFO [2025-06-17 18:22:56] 
INFO [2025-06-17 18:22:56] $fill
INFO [2025-06-17 18:22:56] c("red", "blue")
INFO [2025-06-17 18:22:56] 
INFO [2025-06-17 18:22:56] $main
INFO [2025-06-17 18:22:56] [1] "Common DEGs in Undif KC - AR DESeq2 vs Limma"
INFO [2025-06-17 18:22:56] 
INFO [2025-06-17 18:22:56] $main.fontface
INFO [2025-06-17 18:22:56] [1] "bold"
INFO [2025-06-17 18:22:56] 
INFO [2025-06-17 18:22:56] $cat.dist
INFO [2025-06-17 18:22:56] c(0.03, 0.03)
INFO [2025-06-17 18:22:56] 
INFO [2025-06-17 18:22:56] $main.cex
INFO [2025-06-17 18:22:56] [1] 1.3
INFO [2025-06-17 18:22:56] 
INFO [2025-06-17 18:22:56] $cat.cex
INFO [2025-06-17 18:22:56] [1] 1.3
INFO [2025-06-17 18:22:56] 
INFO [2025-06-17 18:22:56] $cat.pos
INFO [2025-06-17 18:22:56] c(-17, 17)
INFO [2025-06-17 18:22:56] 
INFO [2025-06-17 18:22:56] $cex
INFO [2025-06-17 18:22:56] [1] 1.3
INFO [2025-06-17 18:22:56] 
INFO [2025-06-17 18:22:56] $cat.col
INFO [2025-06-17 18:22:56] c("red", "blue")
INFO [2025-06-17 18:22:56] 
