INFO [2025-06-18 17:55:10] $x
INFO [2025-06-18 17:55:10] list(Common = common_pathways, Alkon = gene_sets$Alkon, Reynolds = gene_sets$Reynolds)
INFO [2025-06-18 17:55:10] 
INFO [2025-06-18 17:55:10] $category.names
INFO [2025-06-18 17:55:10] c("Common", "Alkon", "Reynolds")
INFO [2025-06-18 17:55:10] 
INFO [2025-06-18 17:55:10] $filename
INFO [2025-06-18 17:55:10] NULL
INFO [2025-06-18 17:55:10] 
INFO [2025-06-18 17:55:10] $output
INFO [2025-06-18 17:55:10] [1] TRUE
INFO [2025-06-18 17:55:10] 
INFO [2025-06-18 17:55:10] $fill
INFO [2025-06-18 17:55:10] c("green", "red", "blue")
INFO [2025-06-18 17:55:10] 
INFO [2025-06-18 17:55:10] $main
INFO [2025-06-18 17:55:10] [1] "Common pathways btw datasets - KC (Limma)"
INFO [2025-06-18 17:55:10] 
INFO [2025-06-18 17:55:10] $main.fontface
INFO [2025-06-18 17:55:10] [1] "bold"
INFO [2025-06-18 17:55:10] 
INFO [2025-06-18 17:55:10] $cat.dist
INFO [2025-06-18 17:55:10] c(0.03, 0.03, 0.03)
INFO [2025-06-18 17:55:10] 
INFO [2025-06-18 17:55:10] $main.cex
INFO [2025-06-18 17:55:10] [1] 1.3
INFO [2025-06-18 17:55:10] 
INFO [2025-06-18 17:55:10] $cat.cex
INFO [2025-06-18 17:55:10] [1] 1.3
INFO [2025-06-18 17:55:10] 
INFO [2025-06-18 17:55:10] $cat.pos
INFO [2025-06-18 17:55:10] c(-17, 17, 0)
INFO [2025-06-18 17:55:10] 
INFO [2025-06-18 17:55:10] $cex
INFO [2025-06-18 17:55:10] [1] 1.3
INFO [2025-06-18 17:55:10] 
INFO [2025-06-18 17:55:10] $cat.col
INFO [2025-06-18 17:55:10] c("green", "red", "blue")
INFO [2025-06-18 17:55:10] 
